[debug] [2023-12-17T02:26:30.384Z] ----------------------------------------------------------------------
[debug] [2023-12-17T02:26:30.385Z] Command:       /Users/chiaki.izutsu/.nvm/versions/node/v18.19.0/bin/node /Users/chiaki.izutsu/.yarn/bin/firebase init
[debug] [2023-12-17T02:26:30.385Z] CLI Version:   13.0.2
[debug] [2023-12-17T02:26:30.386Z] Platform:      darwin
[debug] [2023-12-17T02:26:30.386Z] Node Version:  v18.19.0
[debug] [2023-12-17T02:26:30.387Z] Time:          Sun Dec 17 2023 11:26:30 GMT+0900 (日本標準時)
[debug] [2023-12-17T02:26:30.387Z] ----------------------------------------------------------------------
[debug] 
[debug] [2023-12-17T02:26:30.437Z] > command requires scopes: ["email","openid","https://www.googleapis.com/auth/cloudplatformprojects.readonly","https://www.googleapis.com/auth/firebase","https://www.googleapis.com/auth/cloud-platform"]
[debug] [2023-12-17T02:26:30.437Z] > authorizing via signed-in user (chiaki.izutsu@gmail.com)
[info] 
     ######## #### ########  ######## ########     ###     ######  ########
     ##        ##  ##     ## ##       ##     ##  ##   ##  ##       ##
     ######    ##  ########  ######   ########  #########  ######  ######
     ##        ##  ##    ##  ##       ##     ## ##     ##       ## ##
     ##       #### ##     ## ######## ########  ##     ##  ######  ########

You're about to initialize a Firebase project in this directory:

  /Users/chiaki.izutsu/my-site

Before we get started, keep in mind:

  * You are initializing within an existing Firebase project directory

[info] 
=== Project Setup
[info] 
[info] First, let's associate this project directory with a Firebase project.
[info] You can create multiple project aliases by running firebase use --add, 
[info] but for now we'll just set up a default project.
[info] 
[debug] [2023-12-17T02:26:40.429Z] Using project from CLI flag: chiaki-my-site
[debug] [2023-12-17T02:26:40.432Z] >>> [apiv2][query] GET https://firebase.googleapis.com/v1beta1/projects/chiaki-my-site [none]
[debug] [2023-12-17T02:26:40.901Z] <<< [apiv2][status] GET https://firebase.googleapis.com/v1beta1/projects/chiaki-my-site 200
[debug] [2023-12-17T02:26:40.902Z] <<< [apiv2][body] GET https://firebase.googleapis.com/v1beta1/projects/chiaki-my-site {"projectId":"chiaki-my-site","projectNumber":"855360960191","displayName":"My Site","name":"projects/chiaki-my-site","resources":{"hostingSite":"chiaki-my-site"},"state":"ACTIVE","etag":"1_f10d59c0-6fe0-4ed0-8898-5161e29cd0d9"}
[info] i  Using project chiaki-my-site (My Site) 
[info] 
=== Hosting Setup
[debug] [2023-12-17T02:26:40.913Z] >>> [apiv2][query] GET https://firebase.googleapis.com/v1beta1/projects/chiaki-my-site [none]
[debug] [2023-12-17T02:26:41.323Z] <<< [apiv2][status] GET https://firebase.googleapis.com/v1beta1/projects/chiaki-my-site 200
[debug] [2023-12-17T02:26:41.323Z] <<< [apiv2][body] GET https://firebase.googleapis.com/v1beta1/projects/chiaki-my-site {"projectId":"chiaki-my-site","projectNumber":"855360960191","displayName":"My Site","name":"projects/chiaki-my-site","resources":{"hostingSite":"chiaki-my-site"},"state":"ACTIVE","etag":"1_f10d59c0-6fe0-4ed0-8898-5161e29cd0d9"}
[info] 
[info] Your public directory is the folder (relative to your project directory) that
[info] will contain Hosting assets to be uploaded with firebase deploy. If you
[info] have a build process for your assets, use your build's output directory.
[info] 
